\BOOKMARK [1][-]{section.1}{mlegp: an overview}{}
\BOOKMARK [1][-]{section.2}{Gaussian process modeling and diagnostics}{}
\BOOKMARK [2][-]{subsection.2.1}{Gaussian processes}{section.2}
\BOOKMARK [2][-]{subsection.2.2}{Maximum likelihood estimation}{section.2}
\BOOKMARK [2][-]{subsection.2.3}{Diagnostics}{section.2}
\BOOKMARK [2][-]{subsection.2.4}{What does mlegp do?}{section.2}
\BOOKMARK [1][-]{section.3}{Examples: Gaussian process fitting and diagnostics}{}
\BOOKMARK [2][-]{subsection.3.1}{A simple example}{section.3}
\BOOKMARK [2][-]{subsection.3.2}{An example with replicate observations}{section.3}
\BOOKMARK [2][-]{subsection.3.3}{Heteroscedastic responses and the nugget matrix}{section.3}
\BOOKMARK [1][-]{section.4}{Sensitivity Analysis}{}
\BOOKMARK [2][-]{subsection.4.1}{Background}{section.4}
\BOOKMARK [2][-]{subsection.4.2}{Examples}{section.4}
\BOOKMARK [3][-]{subsubsection.4.2.1}{FANOVA decomposition}{subsection.4.2}
\BOOKMARK [3][-]{subsubsection.4.2.2}{Graphical plots for main and interaction effects}{subsection.4.2}
\BOOKMARK [1][-]{section.5}{Multivariate Output and Dimension Reduction}{}
\BOOKMARK [2][-]{subsection.5.1}{Background}{section.5}
\BOOKMARK [2][-]{subsection.5.2}{Examples}{section.5}
\BOOKMARK [3][-]{subsubsection.5.2.1}{Basics: Modeling functional output}{subsection.5.2}
\BOOKMARK [3][-]{subsubsection.5.2.2}{Calculating main effects}{subsection.5.2}
\BOOKMARK [3][-]{subsubsection.5.2.3}{Modeling high dimensional \(and not necessarily functional\) data}{subsection.5.2}
